['extract_f0_print.py', 'C:\\Programs\\RVC-beta-v2-0618/logs/Stalking', '16', 'harvest']
todo-f0-5
f0ing,now-0,all-5,-C:\Programs\RVC-beta-v2-0618/logs/Stalking/1_16k_wavs/0_0.wav
todo-f0-4
f0ing,now-0,all-4,-C:\Programs\RVC-beta-v2-0618/logs/Stalking/1_16k_wavs/10_3.wav
todo-f0-5
f0ing,now-0,all-5,-C:\Programs\RVC-beta-v2-0618/logs/Stalking/1_16k_wavs/0_4.wav
todo-f0-4
f0ing,now-0,all-4,-C:\Programs\RVC-beta-v2-0618/logs/Stalking/1_16k_wavs/10_1.wav
todo-f0-5
f0ing,now-0,all-5,-C:\Programs\RVC-beta-v2-0618/logs/Stalking/1_16k_wavs/0_2.wav
todo-f0-4
f0ing,now-0,all-4,-C:\Programs\RVC-beta-v2-0618/logs/Stalking/1_16k_wavs/12_1.wav
todo-f0-4
f0ing,now-0,all-4,-C:\Programs\RVC-beta-v2-0618/logs/Stalking/1_16k_wavs/11_1.wav
todo-f0-4
f0ing,now-0,all-4,-C:\Programs\RVC-beta-v2-0618/logs/Stalking/1_16k_wavs/11_3.wav
todo-f0-4
f0ing,now-0,all-4,-C:\Programs\RVC-beta-v2-0618/logs/Stalking/1_16k_wavs/11_0.wav
todo-f0-4
f0ing,now-0,all-4,-C:\Programs\RVC-beta-v2-0618/logs/Stalking/1_16k_wavs/12_0.wav
todo-f0-4
f0ing,now-0,all-4,-C:\Programs\RVC-beta-v2-0618/logs/Stalking/1_16k_wavs/13_1.wav
todo-f0-4
f0ing,now-0,all-4,-C:\Programs\RVC-beta-v2-0618/logs/Stalking/1_16k_wavs/12_3.wav
todo-f0-4
todo-f0-4
f0ing,now-0,all-4,-C:\Programs\RVC-beta-v2-0618/logs/Stalking/1_16k_wavs/13_3.wav
f0ing,now-0,all-4,-C:\Programs\RVC-beta-v2-0618/logs/Stalking/1_16k_wavs/10_4.wav
todo-f0-4
f0ing,now-0,all-4,-C:\Programs\RVC-beta-v2-0618/logs/Stalking/1_16k_wavs/13_0.wav
todo-f0-4
f0ing,now-0,all-4,-C:\Programs\RVC-beta-v2-0618/logs/Stalking/1_16k_wavs/14_1.wav
f0ing,now-1,all-5,-C:\Programs\RVC-beta-v2-0618/logs/Stalking/1_16k_wavs/15_1.wav
f0ing,now-1,all-4,-C:\Programs\RVC-beta-v2-0618/logs/Stalking/1_16k_wavs/15_4.wav
f0ing,now-1,all-4,-C:\Programs\RVC-beta-v2-0618/logs/Stalking/1_16k_wavs/17_3.wav
f0ing,now-1,all-5,-C:\Programs\RVC-beta-v2-0618/logs/Stalking/1_16k_wavs/14_2.wav
f0ing,now-1,all-4,-C:\Programs\RVC-beta-v2-0618/logs/Stalking/1_16k_wavs/16_0.wav
f0ing,now-1,all-5,-C:\Programs\RVC-beta-v2-0618/logs/Stalking/1_16k_wavs/14_3.wav
f0ing,now-1,all-4,-C:\Programs\RVC-beta-v2-0618/logs/Stalking/1_16k_wavs/17_0.wav
f0ing,now-1,all-4,-C:\Programs\RVC-beta-v2-0618/logs/Stalking/1_16k_wavs/15_3.wav
f0ing,now-1,all-4,-C:\Programs\RVC-beta-v2-0618/logs/Stalking/1_16k_wavs/18_3.wav
f0ing,now-1,all-4,-C:\Programs\RVC-beta-v2-0618/logs/Stalking/1_16k_wavs/16_3.wav
f0ing,now-1,all-4,-C:\Programs\RVC-beta-v2-0618/logs/Stalking/1_16k_wavs/18_1.wav
f0ing,now-1,all-4,-C:\Programs\RVC-beta-v2-0618/logs/Stalking/1_16k_wavs/18_2.wav
f0ing,now-1,all-4,-C:\Programs\RVC-beta-v2-0618/logs/Stalking/1_16k_wavs/17_1.wav
f0ing,now-1,all-4,-C:\Programs\RVC-beta-v2-0618/logs/Stalking/1_16k_wavs/19_0.wav
f0ing,now-1,all-4,-C:\Programs\RVC-beta-v2-0618/logs/Stalking/1_16k_wavs/19_1.wav
f0ing,now-1,all-4,-C:\Programs\RVC-beta-v2-0618/logs/Stalking/1_16k_wavs/16_1.wav
f0ing,now-2,all-5,-C:\Programs\RVC-beta-v2-0618/logs/Stalking/1_16k_wavs/1_1.wav
f0ing,now-2,all-4,-C:\Programs\RVC-beta-v2-0618/logs/Stalking/1_16k_wavs/20_0.wav
f0ing,now-2,all-5,-C:\Programs\RVC-beta-v2-0618/logs/Stalking/1_16k_wavs/1_0.wav
f0ing,now-2,all-4,-C:\Programs\RVC-beta-v2-0618/logs/Stalking/1_16k_wavs/2_3.wav
f0ing,now-2,all-4,-C:\Programs\RVC-beta-v2-0618/logs/Stalking/1_16k_wavs/20_1.wav
f0ing,now-2,all-4,-C:\Programs\RVC-beta-v2-0618/logs/Stalking/1_16k_wavs/1_3.wav
f0ing,now-2,all-4,-C:\Programs\RVC-beta-v2-0618/logs/Stalking/1_16k_wavs/21_4.wav
f0ing,now-2,all-4,-C:\Programs\RVC-beta-v2-0618/logs/Stalking/1_16k_wavs/21_0.wav
f0ing,now-2,all-4,-C:\Programs\RVC-beta-v2-0618/logs/Stalking/1_16k_wavs/21_1.wav
f0ing,now-2,all-5,-C:\Programs\RVC-beta-v2-0618/logs/Stalking/1_16k_wavs/19_3.wav
f0ing,now-2,all-4,-C:\Programs\RVC-beta-v2-0618/logs/Stalking/1_16k_wavs/2_1.wav
f0ing,now-2,all-4,-C:\Programs\RVC-beta-v2-0618/logs/Stalking/1_16k_wavs/21_3.wav
f0ing,now-2,all-4,-C:\Programs\RVC-beta-v2-0618/logs/Stalking/1_16k_wavs/20_3.wav
f0ing,now-2,all-4,-C:\Programs\RVC-beta-v2-0618/logs/Stalking/1_16k_wavs/2_0.wav
f0ing,now-2,all-4,-C:\Programs\RVC-beta-v2-0618/logs/Stalking/1_16k_wavs/3_0.wav
f0ing,now-2,all-4,-C:\Programs\RVC-beta-v2-0618/logs/Stalking/1_16k_wavs/3_1.wav
f0ing,now-3,all-4,-C:\Programs\RVC-beta-v2-0618/logs/Stalking/1_16k_wavs/6_4.wav
f0ing,now-3,all-4,-C:\Programs\RVC-beta-v2-0618/logs/Stalking/1_16k_wavs/8_0.wav
f0ing,now-3,all-5,-C:\Programs\RVC-beta-v2-0618/logs/Stalking/1_16k_wavs/4_1.wav
f0ing,now-3,all-4,-C:\Programs\RVC-beta-v2-0618/logs/Stalking/1_16k_wavs/7_0.wav
f0ing,now-3,all-4,-C:\Programs\RVC-beta-v2-0618/logs/Stalking/1_16k_wavs/5_0.wav
f0ing,now-3,all-5,-C:\Programs\RVC-beta-v2-0618/logs/Stalking/1_16k_wavs/4_0.wav
f0ing,now-3,all-4,-C:\Programs\RVC-beta-v2-0618/logs/Stalking/1_16k_wavs/5_2.wav
f0ing,now-3,all-4,-C:\Programs\RVC-beta-v2-0618/logs/Stalking/1_16k_wavs/6_1.wav
f0ing,now-3,all-4,-C:\Programs\RVC-beta-v2-0618/logs/Stalking/1_16k_wavs/6_3.wav
f0ing,now-3,all-4,-C:\Programs\RVC-beta-v2-0618/logs/Stalking/1_16k_wavs/4_3.wav
f0ing,now-3,all-4,-C:\Programs\RVC-beta-v2-0618/logs/Stalking/1_16k_wavs/6_0.wav
f0ing,now-3,all-4,-C:\Programs\RVC-beta-v2-0618/logs/Stalking/1_16k_wavs/7_4.wav
f0ing,now-3,all-5,-C:\Programs\RVC-beta-v2-0618/logs/Stalking/1_16k_wavs/3_3.wav
f0ing,now-3,all-4,-C:\Programs\RVC-beta-v2-0618/logs/Stalking/1_16k_wavs/8_4.wav
f0ing,now-3,all-4,-C:\Programs\RVC-beta-v2-0618/logs/Stalking/1_16k_wavs/8_2.wav
f0ing,now-3,all-4,-C:\Programs\RVC-beta-v2-0618/logs/Stalking/1_16k_wavs/7_2.wav
f0ing,now-4,all-5,-C:\Programs\RVC-beta-v2-0618/logs/Stalking/1_16k_wavs/9_3.wav
f0ing,now-4,all-5,-C:\Programs\RVC-beta-v2-0618/logs/Stalking/1_16k_wavs/9_1.wav
f0ing,now-4,all-5,-C:\Programs\RVC-beta-v2-0618/logs/Stalking/1_16k_wavs/9_0.wav
['extract_feature_print.py', 'cuda:0', '1', '0', '0', 'C:\\Programs\\RVC-beta-v2-0618/logs/Stalking', 'v1']
C:\Programs\RVC-beta-v2-0618/logs/Stalking
load model(s) from hubert_base.pt
move model to cuda
all-feature-67
now-67,all-0,0_0.wav,(184, 256)
now-67,all-6,11_0.wav,(184, 256)
now-67,all-12,13_0.wav,(184, 256)
now-67,all-18,15_1.wav,(184, 256)
now-67,all-24,17_0.wav,(184, 256)
now-67,all-30,19_0.wav,(184, 256)
now-67,all-36,20_0.wav,(184, 256)
now-67,all-42,21_4.wav,(110, 256)
now-67,all-48,3_3.wav,(126, 256)
now-67,all-54,6_0.wav,(184, 256)
now-67,all-60,7_4.wav,(132, 256)
now-67,all-66,9_3.wav,(163, 256)
all-feature-done
